<?xml version="1.0" encoding="UTF-8"?>
<Site BuildName="Win32-mingw32-make"
	BuildStamp="20201005-2126-Experimental"
	Name="OKBUDDY"
	Generator="ctest-3.16.3"
	CompilerName="D:/MinGW/mingw32/bin/g++.exe"
	CompilerVersion="8.1.0"
	OSName="Windows"
	Hostname="okbuddy"
	OSRelease=" Professional"
	OSVersion=" (Build 17763)"
	OSPlatform="AMD64"
	Is64Bits="1"
	VendorString="GenuineIntel"
	VendorID="Intel Corporation"
	FamilyID="6"
	ModelID="14"
	ProcessorCacheSize="-1"
	NumberOfLogicalCPU="4"
	NumberOfPhysicalCPU="2"
	TotalVirtualMemory="15229"
	TotalPhysicalMemory="8061"
	LogicalProcessorsPerPhysical="2"
	ProcessorClockFrequency="2592"
	>
	<Testing>
		<StartDateTime>Oct 05 23:26 W. Europe Daylight Time</StartDateTime>
		<StartTestTime>1601933179</StartTestTime>
		<TestList/>
		<EndDateTime>Oct 05 23:26 W. Europe Daylight Time</EndDateTime>
		<EndTestTime>1601933179</EndTestTime>
		<ElapsedMinutes>0</ElapsedMinutes>
	</Testing>
</Site>
